[0.163s] DEBUG:colcon:Command line arguments: ['/usr/bin/colcon', 'list', '-p', '--base-paths', '/home/adeebabbas/src/dragon/segway_ros1']
[0.163s] DEBUG:colcon:Parsed command line arguments: Namespace(log_base=None, log_level=None, verb_name='list', build_base='build', ignore_user_meta=False, metas=['./colcon.meta'], base_paths=['/home/adeebabbas/src/dragon/segway_ros1'], packages_ignore=None, packages_ignore_regex=None, paths=None, packages_up_to=None, packages_up_to_regex=None, packages_above=None, packages_above_and_dependencies=None, packages_above_depth=None, packages_select_by_dep=None, packages_skip_by_dep=None, packages_skip_up_to=None, packages_select_build_failed=False, packages_skip_build_finished=False, packages_select_test_failures=False, packages_skip_test_passed=False, packages_select=None, packages_skip=None, packages_select_regex=None, packages_skip_regex=None, packages_start=None, packages_end=None, allow_overriding=[], topological_order=False, names_only=False, paths_only=True, topological_graph=False, topological_graph_dot=False, topological_graph_density=False, topological_graph_legend=False, topological_graph_dot_cluster=False, topological_graph_dot_include_skipped=False, verb_parser=<colcon_defaults.argument_parser.defaults.DefaultArgumentsDecorator object at 0x7fb421bc4bb0>, verb_extension=<colcon_package_information.verb.list.ListVerb object at 0x7fb421dd0a00>, main=<bound method ListVerb.main of <colcon_package_information.verb.list.ListVerb object at 0x7fb421dd0a00>>)
[0.182s] Level 1:colcon.colcon_core.package_discovery:discover_packages(colcon_meta) check parameters
[0.182s] Level 1:colcon.colcon_core.package_discovery:discover_packages(recursive) check parameters
[0.182s] Level 1:colcon.colcon_core.package_discovery:discover_packages(ignore) check parameters
[0.182s] Level 1:colcon.colcon_core.package_discovery:discover_packages(path) check parameters
[0.182s] Level 1:colcon.colcon_core.package_discovery:discover_packages(recursive) discover
[0.182s] INFO:colcon.colcon_core.package_discovery:Crawling recursively for packages in '/home/adeebabbas/src/dragon/segway_ros1'
[0.183s] Level 1:colcon.colcon_core.package_identification:_identify(/home/adeebabbas/src/dragon/segway_ros1) by extensions ['ignore', 'ignore_ament_install']
[0.183s] Level 1:colcon.colcon_core.package_identification:_identify(/home/adeebabbas/src/dragon/segway_ros1) by extension 'ignore'
[0.183s] Level 1:colcon.colcon_core.package_identification:_identify(/home/adeebabbas/src/dragon/segway_ros1) by extension 'ignore_ament_install'
[0.183s] Level 1:colcon.colcon_core.package_identification:_identify(/home/adeebabbas/src/dragon/segway_ros1) by extensions ['colcon_pkg']
[0.183s] Level 1:colcon.colcon_core.package_identification:_identify(/home/adeebabbas/src/dragon/segway_ros1) by extension 'colcon_pkg'
[0.183s] Level 1:colcon.colcon_core.package_identification:_identify(/home/adeebabbas/src/dragon/segway_ros1) by extensions ['colcon_meta']
[0.183s] Level 1:colcon.colcon_core.package_identification:_identify(/home/adeebabbas/src/dragon/segway_ros1) by extension 'colcon_meta'
[0.183s] Level 1:colcon.colcon_core.package_identification:_identify(/home/adeebabbas/src/dragon/segway_ros1) by extensions ['ros']
[0.183s] Level 1:colcon.colcon_core.package_identification:_identify(/home/adeebabbas/src/dragon/segway_ros1) by extension 'ros'
[0.189s] Level 1:colcon.colcon_core.package_identification:_identify(/home/adeebabbas/src/dragon/segway_ros1) by extensions ['cmake', 'python']
[0.189s] Level 1:colcon.colcon_core.package_identification:_identify(/home/adeebabbas/src/dragon/segway_ros1) by extension 'cmake'
[0.189s] Level 1:colcon.colcon_core.package_identification:_identify(/home/adeebabbas/src/dragon/segway_ros1) by extension 'python'
[0.189s] Level 1:colcon.colcon_core.package_identification:_identify(/home/adeebabbas/src/dragon/segway_ros1) by extensions ['python_setup_py']
[0.189s] Level 1:colcon.colcon_core.package_identification:_identify(/home/adeebabbas/src/dragon/segway_ros1) by extension 'python_setup_py'
[0.189s] Level 1:colcon.colcon_core.package_identification:_identify(/home/adeebabbas/src/dragon/segway_ros1/log) by extensions ['ignore', 'ignore_ament_install']
[0.189s] Level 1:colcon.colcon_core.package_identification:_identify(/home/adeebabbas/src/dragon/segway_ros1/log) by extension 'ignore'
[0.189s] Level 1:colcon.colcon_core.package_identification:_identify(/home/adeebabbas/src/dragon/segway_ros1/log) ignored
[0.189s] Level 1:colcon.colcon_core.package_identification:_identify(/home/adeebabbas/src/dragon/segway_ros1/src) by extensions ['ignore', 'ignore_ament_install']
[0.189s] Level 1:colcon.colcon_core.package_identification:_identify(/home/adeebabbas/src/dragon/segway_ros1/src) by extension 'ignore'
[0.189s] Level 1:colcon.colcon_core.package_identification:_identify(/home/adeebabbas/src/dragon/segway_ros1/src) by extension 'ignore_ament_install'
[0.189s] Level 1:colcon.colcon_core.package_identification:_identify(/home/adeebabbas/src/dragon/segway_ros1/src) by extensions ['colcon_pkg']
[0.189s] Level 1:colcon.colcon_core.package_identification:_identify(/home/adeebabbas/src/dragon/segway_ros1/src) by extension 'colcon_pkg'
[0.189s] Level 1:colcon.colcon_core.package_identification:_identify(/home/adeebabbas/src/dragon/segway_ros1/src) by extensions ['colcon_meta']
[0.189s] Level 1:colcon.colcon_core.package_identification:_identify(/home/adeebabbas/src/dragon/segway_ros1/src) by extension 'colcon_meta'
[0.189s] Level 1:colcon.colcon_core.package_identification:_identify(/home/adeebabbas/src/dragon/segway_ros1/src) by extensions ['ros']
[0.189s] Level 1:colcon.colcon_core.package_identification:_identify(/home/adeebabbas/src/dragon/segway_ros1/src) by extension 'ros'
[0.190s] Level 1:colcon.colcon_core.package_identification:_identify(/home/adeebabbas/src/dragon/segway_ros1/src) by extensions ['cmake', 'python']
[0.190s] Level 1:colcon.colcon_core.package_identification:_identify(/home/adeebabbas/src/dragon/segway_ros1/src) by extension 'cmake'
[0.190s] Level 1:colcon.colcon_core.package_identification:_identify(/home/adeebabbas/src/dragon/segway_ros1/src) by extension 'python'
[0.190s] Level 1:colcon.colcon_core.package_identification:_identify(/home/adeebabbas/src/dragon/segway_ros1/src) by extensions ['python_setup_py']
[0.190s] Level 1:colcon.colcon_core.package_identification:_identify(/home/adeebabbas/src/dragon/segway_ros1/src) by extension 'python_setup_py'
[0.190s] Level 1:colcon.colcon_core.package_identification:_identify(/home/adeebabbas/src/dragon/segway_ros1/src/catkin_ws_ros1_401plus_v2027_hv01) by extensions ['ignore', 'ignore_ament_install']
[0.190s] Level 1:colcon.colcon_core.package_identification:_identify(/home/adeebabbas/src/dragon/segway_ros1/src/catkin_ws_ros1_401plus_v2027_hv01) by extension 'ignore'
[0.190s] Level 1:colcon.colcon_core.package_identification:_identify(/home/adeebabbas/src/dragon/segway_ros1/src/catkin_ws_ros1_401plus_v2027_hv01) by extension 'ignore_ament_install'
[0.190s] Level 1:colcon.colcon_core.package_identification:_identify(/home/adeebabbas/src/dragon/segway_ros1/src/catkin_ws_ros1_401plus_v2027_hv01) by extensions ['colcon_pkg']
[0.190s] Level 1:colcon.colcon_core.package_identification:_identify(/home/adeebabbas/src/dragon/segway_ros1/src/catkin_ws_ros1_401plus_v2027_hv01) by extension 'colcon_pkg'
[0.190s] Level 1:colcon.colcon_core.package_identification:_identify(/home/adeebabbas/src/dragon/segway_ros1/src/catkin_ws_ros1_401plus_v2027_hv01) by extensions ['colcon_meta']
[0.190s] Level 1:colcon.colcon_core.package_identification:_identify(/home/adeebabbas/src/dragon/segway_ros1/src/catkin_ws_ros1_401plus_v2027_hv01) by extension 'colcon_meta'
[0.190s] Level 1:colcon.colcon_core.package_identification:_identify(/home/adeebabbas/src/dragon/segway_ros1/src/catkin_ws_ros1_401plus_v2027_hv01) by extensions ['ros']
[0.190s] Level 1:colcon.colcon_core.package_identification:_identify(/home/adeebabbas/src/dragon/segway_ros1/src/catkin_ws_ros1_401plus_v2027_hv01) by extension 'ros'
[0.190s] Level 1:colcon.colcon_core.package_identification:_identify(/home/adeebabbas/src/dragon/segway_ros1/src/catkin_ws_ros1_401plus_v2027_hv01) by extensions ['cmake', 'python']
[0.190s] Level 1:colcon.colcon_core.package_identification:_identify(/home/adeebabbas/src/dragon/segway_ros1/src/catkin_ws_ros1_401plus_v2027_hv01) by extension 'cmake'
[0.190s] Level 1:colcon.colcon_core.package_identification:_identify(/home/adeebabbas/src/dragon/segway_ros1/src/catkin_ws_ros1_401plus_v2027_hv01) by extension 'python'
[0.190s] Level 1:colcon.colcon_core.package_identification:_identify(/home/adeebabbas/src/dragon/segway_ros1/src/catkin_ws_ros1_401plus_v2027_hv01) by extensions ['python_setup_py']
[0.190s] Level 1:colcon.colcon_core.package_identification:_identify(/home/adeebabbas/src/dragon/segway_ros1/src/catkin_ws_ros1_401plus_v2027_hv01) by extension 'python_setup_py'
[0.190s] Level 1:colcon.colcon_core.package_identification:_identify(/home/adeebabbas/src/dragon/segway_ros1/src/catkin_ws_ros1_401plus_v2027_hv01/src) by extensions ['ignore', 'ignore_ament_install']
[0.190s] Level 1:colcon.colcon_core.package_identification:_identify(/home/adeebabbas/src/dragon/segway_ros1/src/catkin_ws_ros1_401plus_v2027_hv01/src) by extension 'ignore'
[0.190s] Level 1:colcon.colcon_core.package_identification:_identify(/home/adeebabbas/src/dragon/segway_ros1/src/catkin_ws_ros1_401plus_v2027_hv01/src) by extension 'ignore_ament_install'
[0.190s] Level 1:colcon.colcon_core.package_identification:_identify(/home/adeebabbas/src/dragon/segway_ros1/src/catkin_ws_ros1_401plus_v2027_hv01/src) by extensions ['colcon_pkg']
[0.190s] Level 1:colcon.colcon_core.package_identification:_identify(/home/adeebabbas/src/dragon/segway_ros1/src/catkin_ws_ros1_401plus_v2027_hv01/src) by extension 'colcon_pkg'
[0.190s] Level 1:colcon.colcon_core.package_identification:_identify(/home/adeebabbas/src/dragon/segway_ros1/src/catkin_ws_ros1_401plus_v2027_hv01/src) by extensions ['colcon_meta']
[0.190s] Level 1:colcon.colcon_core.package_identification:_identify(/home/adeebabbas/src/dragon/segway_ros1/src/catkin_ws_ros1_401plus_v2027_hv01/src) by extension 'colcon_meta'
[0.190s] Level 1:colcon.colcon_core.package_identification:_identify(/home/adeebabbas/src/dragon/segway_ros1/src/catkin_ws_ros1_401plus_v2027_hv01/src) by extensions ['ros']
[0.190s] Level 1:colcon.colcon_core.package_identification:_identify(/home/adeebabbas/src/dragon/segway_ros1/src/catkin_ws_ros1_401plus_v2027_hv01/src) by extension 'ros'
[0.190s] Level 1:colcon.colcon_core.package_identification:_identify(/home/adeebabbas/src/dragon/segway_ros1/src/catkin_ws_ros1_401plus_v2027_hv01/src) by extensions ['cmake', 'python']
[0.190s] Level 1:colcon.colcon_core.package_identification:_identify(/home/adeebabbas/src/dragon/segway_ros1/src/catkin_ws_ros1_401plus_v2027_hv01/src) by extension 'cmake'
[0.192s] WARNING:colcon.colcon_cmake.package_identification.cmake:Ignoring '/home/adeebabbas/src/dragon/segway_ros1/src/catkin_ws_ros1_401plus_v2027_hv01/src/CMakeLists.txt' since it seems to be a toplevel CMake file generated by 'catkin_make'
[0.192s] Level 1:colcon.colcon_core.package_identification:_identify(/home/adeebabbas/src/dragon/segway_ros1/src/catkin_ws_ros1_401plus_v2027_hv01/src) by extension 'python'
[0.192s] Level 1:colcon.colcon_core.package_identification:_identify(/home/adeebabbas/src/dragon/segway_ros1/src/catkin_ws_ros1_401plus_v2027_hv01/src) by extensions ['python_setup_py']
[0.192s] Level 1:colcon.colcon_core.package_identification:_identify(/home/adeebabbas/src/dragon/segway_ros1/src/catkin_ws_ros1_401plus_v2027_hv01/src) by extension 'python_setup_py'
[0.192s] Level 1:colcon.colcon_core.package_identification:_identify(/home/adeebabbas/src/dragon/segway_ros1/src/catkin_ws_ros1_401plus_v2027_hv01/src/segway_msgs) by extensions ['ignore', 'ignore_ament_install']
[0.192s] Level 1:colcon.colcon_core.package_identification:_identify(/home/adeebabbas/src/dragon/segway_ros1/src/catkin_ws_ros1_401plus_v2027_hv01/src/segway_msgs) by extension 'ignore'
[0.192s] Level 1:colcon.colcon_core.package_identification:_identify(/home/adeebabbas/src/dragon/segway_ros1/src/catkin_ws_ros1_401plus_v2027_hv01/src/segway_msgs) by extension 'ignore_ament_install'
[0.192s] Level 1:colcon.colcon_core.package_identification:_identify(/home/adeebabbas/src/dragon/segway_ros1/src/catkin_ws_ros1_401plus_v2027_hv01/src/segway_msgs) by extensions ['colcon_pkg']
[0.192s] Level 1:colcon.colcon_core.package_identification:_identify(/home/adeebabbas/src/dragon/segway_ros1/src/catkin_ws_ros1_401plus_v2027_hv01/src/segway_msgs) by extension 'colcon_pkg'
[0.192s] Level 1:colcon.colcon_core.package_identification:_identify(/home/adeebabbas/src/dragon/segway_ros1/src/catkin_ws_ros1_401plus_v2027_hv01/src/segway_msgs) by extensions ['colcon_meta']
[0.192s] Level 1:colcon.colcon_core.package_identification:_identify(/home/adeebabbas/src/dragon/segway_ros1/src/catkin_ws_ros1_401plus_v2027_hv01/src/segway_msgs) by extension 'colcon_meta'
[0.192s] Level 1:colcon.colcon_core.package_identification:_identify(/home/adeebabbas/src/dragon/segway_ros1/src/catkin_ws_ros1_401plus_v2027_hv01/src/segway_msgs) by extensions ['ros']
[0.192s] Level 1:colcon.colcon_core.package_identification:_identify(/home/adeebabbas/src/dragon/segway_ros1/src/catkin_ws_ros1_401plus_v2027_hv01/src/segway_msgs) by extension 'ros'
[0.193s] DEBUG:colcon.colcon_core.package_identification:Package '/home/adeebabbas/src/dragon/segway_ros1/src/catkin_ws_ros1_401plus_v2027_hv01/src/segway_msgs' with type 'ros.catkin' and name 'segway_msgs'
[0.194s] Level 1:colcon.colcon_core.package_identification:_identify(/home/adeebabbas/src/dragon/segway_ros1/src/catkin_ws_ros1_401plus_v2027_hv01/src/segwayrmp) by extensions ['ignore', 'ignore_ament_install']
[0.194s] Level 1:colcon.colcon_core.package_identification:_identify(/home/adeebabbas/src/dragon/segway_ros1/src/catkin_ws_ros1_401plus_v2027_hv01/src/segwayrmp) by extension 'ignore'
[0.194s] Level 1:colcon.colcon_core.package_identification:_identify(/home/adeebabbas/src/dragon/segway_ros1/src/catkin_ws_ros1_401plus_v2027_hv01/src/segwayrmp) by extension 'ignore_ament_install'
[0.194s] Level 1:colcon.colcon_core.package_identification:_identify(/home/adeebabbas/src/dragon/segway_ros1/src/catkin_ws_ros1_401plus_v2027_hv01/src/segwayrmp) by extensions ['colcon_pkg']
[0.194s] Level 1:colcon.colcon_core.package_identification:_identify(/home/adeebabbas/src/dragon/segway_ros1/src/catkin_ws_ros1_401plus_v2027_hv01/src/segwayrmp) by extension 'colcon_pkg'
[0.194s] Level 1:colcon.colcon_core.package_identification:_identify(/home/adeebabbas/src/dragon/segway_ros1/src/catkin_ws_ros1_401plus_v2027_hv01/src/segwayrmp) by extensions ['colcon_meta']
[0.194s] Level 1:colcon.colcon_core.package_identification:_identify(/home/adeebabbas/src/dragon/segway_ros1/src/catkin_ws_ros1_401plus_v2027_hv01/src/segwayrmp) by extension 'colcon_meta'
[0.194s] Level 1:colcon.colcon_core.package_identification:_identify(/home/adeebabbas/src/dragon/segway_ros1/src/catkin_ws_ros1_401plus_v2027_hv01/src/segwayrmp) by extensions ['ros']
[0.194s] Level 1:colcon.colcon_core.package_identification:_identify(/home/adeebabbas/src/dragon/segway_ros1/src/catkin_ws_ros1_401plus_v2027_hv01/src/segwayrmp) by extension 'ros'
[0.194s] DEBUG:colcon.colcon_core.package_identification:Package '/home/adeebabbas/src/dragon/segway_ros1/src/catkin_ws_ros1_401plus_v2027_hv01/src/segwayrmp' with type 'ros.catkin' and name 'segwayrmp'
[0.194s] Level 1:colcon.colcon_core.package_discovery:discover_packages(recursive) using defaults
